Arguments: 
  C:\Program Files\nodejs\node.exe C:\Users\Dan Lessa\AppData\Roaming\npm\node_modules\yarn\bin\yarn.js sls deploy

PATH: 
  C:\Program Files\Common Files\Oracle\Java\javapath;C:\ProgramData\Oracle\Java\javapath;C:\Windows\system32;C:\Windows;C:\Windows\System32\Wbem;C:\Windows\System32\WindowsPowerShell\v1.0\;C:\Windows\System32\OpenSSH\;C:\Program Files\Git\cmd;C:\Program Files\nodejs\;C:\Program Files\Amazon\AWSCLIV2\;C:\Users\Dan Lessa\AppData\Local\Programs\Python\Python39\Scripts\;C:\Users\Dan Lessa\AppData\Local\Programs\Python\Python39\;C:\Users\Dan Lessa\AppData\Local\Programs\Python\Python38-32\Scripts\;C:\Users\Dan Lessa\AppData\Local\Programs\Python\Python38-32\;C:\Users\Dan Lessa\AppData\Local\Microsoft\WindowsApps;C:\Program Files\JetBrains\PyCharm Community Edition 2020.2\bin;;C:\Users\Dan Lessa\AppData\Local\Programs\Microsoft VS Code\bin;C:\Users\Dan Lessa\AppData\Local\GitHubDesktop\bin;C:\Users\Dan Lessa\AppData\Roaming\npm

Yarn version: 
  1.22.11

Node version: 
  14.17.0

Platform: 
  win32 x64

Trace: 
  TypeError [ERR_INVALID_ARG_TYPE]: The "path" argument must be of type string. Received [Object: null prototype]
      at validateString (internal/validators.js:124:11)
      at Object.isAbsolute (path.js:376:5)
      at module.exports.exports.default (C:\Users\Dan Lessa\AppData\Roaming\npm\node_modules\yarn\lib\cli.js:101038:16)
      at C:\Users\Dan Lessa\AppData\Roaming\npm\node_modules\yarn\lib\cli.js:51529:63
      at Generator.next (<anonymous>)
      at step (C:\Users\Dan Lessa\AppData\Roaming\npm\node_modules\yarn\lib\cli.js:310:30)
      at C:\Users\Dan Lessa\AppData\Roaming\npm\node_modules\yarn\lib\cli.js:321:13

npm manifest: 
  {
    "requires": true,
    "lockfileVersion": 1,
    "dependencies": {
      "@graphile/lru": {
        "integrity": "sha512-Fakuk190EAKxWSa9YQyr/87g8mvAv8HBvk6yPCPuIoA3bYXF7n6kl0XSqKjSd5VfjEqhtnzQ6zJGzDf1Gv/tJg==",
        "requires": {
          "tslib": "^2.0.1"
        },
        "resolved": "https://registry.npmjs.org/@graphile/lru/-/lru-4.11.0.tgz",
        "version": "4.11.0"
      },
      "@types/json5": {
        "integrity": "sha512-sqm9g7mHlPY/43fcSNrCYfOeX9zkTTK+euO5E6+CVijSMm5tTjkVdwdqRkY3ljjIAf8679vps5jKUoJBCLsMDA==",
        "resolved": "https://registry.npmjs.org/@types/json5/-/json5-0.0.30.tgz",
        "version": "0.0.30"
      },
      "@types/jsonwebtoken": {
        "integrity": "sha512-4L8msWK31oXwdtC81RmRBAULd0ShnAHjBuKT9MRQpjP0piNrZdXyTRcKY9/UIfhGeKIT4PvF5amOOUbbT/9Wpg==",
        "requires": {
          "@types/node": "*"
        },
        "resolved": "https://registry.npmjs.org/@types/jsonwebtoken/-/jsonwebtoken-8.5.4.tgz",
        "version": "8.5.4"
      },
      "@types/node": {
        "integrity": "sha512-aDDY54sst8sx47CWT6QQqIZp45yURq4dic0+HCYfYNcY5Ejlb/CLmFnRLfy3wQuYafOeh3lB/DAKaqRKBtcZmA==",
        "resolved": "https://registry.npmjs.org/@types/node/-/node-16.4.7.tgz",
        "version": "16.4.7"
      },
      "@types/pg": {
        "integrity": "sha512-1Kc4oAGzAl7uqUStZCDvaLFqZrW9qWSjXOmBfdgyBP5La7Us6Mg4GBvRlSoaZMhQF/zSj1C8CtKMBkoiT8eL8w==",
        "requires": {
          "@types/node": "*",
          "pg-protocol": "*",
          "pg-types": "^2.2.0"
        },
        "resolved": "https://registry.npmjs.org/@types/pg/-/pg-8.6.1.tgz",
        "version": "8.6.1"
      },
      "@types/ws": {
        "integrity": "sha512-JQbbmxZTZehdc2iszGKs5oC3NFnjeay7mtAWrdt7qNtAVK0g19muApzAy4bm9byz79xa2ZnO/BOBC2R8RC5Lww==",
        "requires": {
          "@types/node": "*"
        },
        "resolved": "https://registry.npmjs.org/@types/ws/-/ws-7.4.7.tgz",
        "version": "7.4.7"
      },
      "accepts": {
        "integrity": "sha512-Il80Qs2WjYlJIBNzNkK6KYqlVMTbZLXgHx2oT0pU/fjRHyEp+PEfEPY0R3WCwAGVOtauxh1hOxNgIf5bv7dQpA==",
        "requires": {
          "mime-types": "~2.1.24",
          "negotiator": "0.6.2"
        },
        "resolved": "https://registry.npmjs.org/accepts/-/accepts-1.3.7.tgz",
        "version": "1.3.7"
      },
      "ansi-styles": {
        "integrity": "sha512-VT0ZI6kZRdTh8YyJw3SMbYm/u+NqfsAxEpWO0Pf9sq8/e94WxxOpPKx9FR1FlyCtOVDNOQ+8ntlqFxiRc+r5qA==",
        "requires": {
          "color-convert": "^1.9.0"
        },
        "resolved": "https://registry.npmjs.org/ansi-styles/-/ansi-styles-3.2.1.tgz",
        "version": "3.2.1"
      },
      "array-flatten": {
        "integrity": "sha1-ml9pkFGx5wczKPKgCJaLZOopVdI=",
        "resolved": "https://registry.npmjs.org/array-flatten/-/array-flatten-1.1.1.tgz",
        "version": "1.1.1"
      },
      "backo2": {
        "integrity": "sha1-MasayLEpNjRj41s+u2n038+6eUc=",
        "resolved": "https://registry.npmjs.org/backo2/-/backo2-1.0.2.tgz",
        "version": "1.0.2"
      },
      "body-parser": {
        "integrity": "sha512-dhEPs72UPbDnAQJ9ZKMNTP6ptJaionhP5cBb541nXPlW60Jepo9RV/a4fX4XWW9CuFNK22krhrj1+rgzifNCsw==",
        "requires": {
          "bytes": "3.1.0",
          "content-type": "~1.0.4",
          "debug": "2.6.9",
          "depd": "~1.1.2",
          "http-errors": "1.7.2",
          "iconv-lite": "0.4.24",
          "on-finished": "~2.3.0",
          "qs": "6.7.0",
          "raw-body": "2.4.0",
          "type-is": "~1.6.17"
        },
        "resolved": "https://registry.npmjs.org/body-parser/-/body-parser-1.19.0.tgz",
        "version": "1.19.0"
      },
      "buffer-equal-constant-time": {
        "integrity": "sha1-+OcRMvf/5uAaXJaXpMbz5I1cyBk=",
        "resolved": "https://registry.npmjs.org/buffer-equal-constant-time/-/buffer-equal-constant-time-1.0.1.tgz",
        "version": "1.0.1"
      },
      "buffer-writer": {
        "integrity": "sha512-a7ZpuTZU1TRtnwyCNW3I5dc0wWNC3VR9S++Ewyk2HHZdrO3CQJqSpd+95Us590V6AL7JqUAH2IwZ/398PmNFgw==",
        "resolved": "https://registry.npmjs.org/buffer-writer/-/buffer-writer-2.0.0.tgz",
        "version": "2.0.0"
      },
      "bytes": {
        "integrity": "sha512-zauLjrfCG+xvoyaqLoV8bLVXXNGC4JqlxFCutSDWA6fJrTo2ZuvLYTqZ7aHBLZSMOopbzwv8f+wZcVzfVTI2Dg==",
        "resolved": "https://registry.npmjs.org/bytes/-/bytes-3.1.0.tgz",
        "version": "3.1.0"
      },
      "chalk": {
        "integrity": "sha512-Mti+f9lpJNcwF4tWV8/OrTTtF1gZi+f8FqlyAdouralcFWFQWF2+NgCHShjkCb+IFBLq9buZwE1xckQU4peSuQ==",
        "requires": {
          "ansi-styles": "^3.2.1",
          "escape-string-regexp": "^1.0.5",
          "supports-color": "^5.3.0"
        },
        "resolved": "https://registry.npmjs.org/chalk/-/chalk-2.4.2.tgz",
        "version": "2.4.2"
      },
      "color-convert": {
        "integrity": "sha512-QfAUtd+vFdAtFQcC8CCyYt1fYWxSqAiK2cSD6zDB8N3cpsEBAvRxp9zOGg6G/SHHJYAT88/az/IuDGALsNVbGg==",
        "requires": {
          "color-name": "1.1.3"
        },
        "resolved": "https://registry.npmjs.org/color-convert/-/color-convert-1.9.3.tgz",
        "version": "1.9.3"
      },
      "color-name": {
        "integrity": "sha1-p9BVi9icQveV3UIyj3QIMcpTvCU=",
        "resolved": "https://registry.npmjs.org/color-name/-/color-name-1.1.3.tgz",
        "version": "1.1.3"
      },
      "commander": {
        "integrity": "sha512-GpVkmM8vF2vQUkj2LvZmD35JxeJOLCwJ9cUkugyk2nuhbv3+mJvpLYYt+0+USMxE+oj+ey/lJEnhZw75x/OMcQ==",
        "resolved": "https://registry.npmjs.org/commander/-/commander-2.20.3.tgz",
        "version": "2.20.3"
      },
      "content-disposition": {
        "integrity": "sha512-ExO0774ikEObIAEV9kDo50o+79VCUdEB6n6lzKgGwupcVeRlhrj3qGAfwq8G6uBJjkqLrhT0qEYFcWng8z1z0g==",
        "requires": {
          "safe-buffer": "5.1.2"
        },
        "resolved": "https://registry.npmjs.org/content-disposition/-/content-disposition-0.5.3.tgz",
        "version": "0.5.3"
      },
      "content-type": {
        "integrity": "sha512-hIP3EEPs8tB9AT1L+NUqtwOAps4mk2Zob89MWXMHjHWg9milF/j4osnnQLXBCBFBk/tvIG/tUc9mOUJiPBhPXA==",
        "resolved": "https://registry.npmjs.org/content-type/-/content-type-1.0.4.tgz",
        "version": "1.0.4"
      },
      "cookie": {
        "integrity": "sha512-+Hp8fLp57wnUSt0tY0tHEXh4voZRDnoIrZPqlo3DPiI4y9lwg/jqx+1Om94/W6ZaPDOUbnjOt/99w66zk+l1Xg==",
        "resolved": "https://registry.npmjs.org/cookie/-/cookie-0.4.0.tgz",
        "version": "0.4.0"
      },
      "cookie-signature": {
        "integrity": "sha1-4wOogrNCzD7oylE6eZmXNNqzriw=",
        "resolved": "https://registry.npmjs.org/cookie-signature/-/cookie-signature-1.0.6.tgz",
        "version": "1.0.6"
      },
      "debug": {
        "integrity": "sha512-bC7ElrdJaJnPbAP+1EotYvqZsb3ecl5wi6Bfi6BJTUcNowp6cvspg0jXznRTKDjm/E7AdgFBVeAPVMNcKGsHMA==",
        "requires": {
          "ms": "2.0.0"
        },
        "resolved": "https://registry.npmjs.org/debug/-/debug-2.6.9.tgz",
        "version": "2.6.9"
      },
      "depd": {
        "integrity": "sha1-m81S4UwJd2PnSbJ0xDRu0uVgtak=",
        "resolved": "https://registry.npmjs.org/depd/-/depd-1.1.2.tgz",
        "version": "1.1.2"
      },
      "destroy": {
        "integrity": "sha1-l4hXRCxEdJ5CBmE+N5RiBYJqvYA=",
        "resolved": "https://registry.npmjs.org/destroy/-/destroy-1.0.4.tgz",
        "version": "1.0.4"
      },
      "ecdsa-sig-formatter": {
        "integrity": "sha512-nagl3RYrbNv6kQkeJIpt6NJZy8twLB/2vtz6yN9Z4vRKHN4/QZJIEbqohALSgwKdnksuY3k5Addp5lg8sVoVcQ==",
        "requires": {
          "safe-buffer": "^5.0.1"
        },
        "resolved": "https://registry.npmjs.org/ecdsa-sig-formatter/-/ecdsa-sig-formatter-1.0.11.tgz",
        "version": "1.0.11"
      },
      "ee-first": {
        "integrity": "sha1-WQxhFWsK4vTwJVcyoViyZrxWsh0=",
        "resolved": "https://registry.npmjs.org/ee-first/-/ee-first-1.1.1.tgz",
        "version": "1.1.1"
      },
      "encodeurl": {
        "integrity": "sha1-rT/0yG7C0CkyL1oCw6mmBslbP1k=",
        "resolved": "https://registry.npmjs.org/encodeurl/-/encodeurl-1.0.2.tgz",
        "version": "1.0.2"
      },
      "escape-html": {
        "integrity": "sha1-Aljq5NPQwJdN4cFpGI7wBR0dGYg=",
        "resolved": "https://registry.npmjs.org/escape-html/-/escape-html-1.0.3.tgz",
        "version": "1.0.3"
      },
      "escape-string-regexp": {
        "integrity": "sha1-G2HAViGQqN/2rjuyzwIAyhMLhtQ=",
        "resolved": "https://registry.npmjs.org/escape-string-regexp/-/escape-string-regexp-1.0.5.tgz",
        "version": "1.0.5"
      },
      "etag": {
        "integrity": "sha1-Qa4u62XvpiJorr/qg6x9eSmbCIc=",
        "resolved": "https://registry.npmjs.org/etag/-/etag-1.8.1.tgz",
        "version": "1.8.1"
      },
      "eventemitter3": {
        "integrity": "sha512-tvtQIeLVHjDkJYnzf2dgVMxfuSGJeM/7UCG17TT4EumTfNtF+0nebF/4zWOIkCreAbtNqhGEboB6BWrwqNaw4Q==",
        "resolved": "https://registry.npmjs.org/eventemitter3/-/eventemitter3-3.1.2.tgz",
        "version": "3.1.2"
      },
      "express": "^4.17.1",
      "finalhandler": {
        "integrity": "sha512-aAWcW57uxVNrQZqFXjITpW3sIUQmHGG3qSb9mUah9MgMC4NeWhNOlNjXEYq3HjRAvL6arUviZGGJsBg6z0zsWA==",
        "requires": {
          "debug": "2.6.9",
          "encodeurl": "~1.0.2",
          "escape-html": "~1.0.3",
          "on-finished": "~2.3.0",
          "parseurl": "~1.3.3",
          "statuses": "~1.5.0",
          "unpipe": "~1.0.0"
        },
        "resolved": "https://registry.npmjs.org/finalhandler/-/finalhandler-1.1.2.tgz",
        "version": "1.1.2"
      },
      "forwarded": {
        "integrity": "sha512-buRG0fpBtRHSTCOASe6hD258tEubFoRLb4ZNA6NxMVHNw2gOcwHo9wyablzMzOA5z9xA9L1KNjk/Nt6MT9aYow==",
        "resolved": "https://registry.npmjs.org/forwarded/-/forwarded-0.2.0.tgz",
        "version": "0.2.0"
      },
      "fresh": {
        "integrity": "sha1-PYyt2Q2XZWn6g1qx+OSyOhBWBac=",
        "resolved": "https://registry.npmjs.org/fresh/-/fresh-0.5.2.tgz",
        "version": "0.5.2"
      },
      "graphile-build": {
        "dependencies": {
          "debug": {
            "integrity": "sha512-mOp8wKcvj7XxC78zLgw/ZA+6TSgkoE2C/ienthhRD298T7UNwAg9diBpLRxC0mOezLl4B0xV7M0cCO6P/O0Xhw==",
            "requires": {
              "ms": "2.1.2"
            },
            "resolved": "https://registry.npmjs.org/debug/-/debug-4.3.2.tgz",
            "version": "4.3.2"
          },
          "ms": {
            "integrity": "sha512-sGkPx+VjMtmA6MX27oA4FBFELFCZZ4S4XqeGOXCv68tT+jb3vk/RyaKWP0PTKyWtmLSM0b+adUTEvbs1PEaH2w==",
            "resolved": "https://registry.npmjs.org/ms/-/ms-2.1.2.tgz",
            "version": "2.1.2"
          }
        },
        "integrity": "sha512-P4urOvOf4C8uzuuCq8BjFb+qffQvWUnZamrEyRC/0BfKKPkZhQ/HYqe9M7JkwiH8uFekHaTXDBrdR+OPoZEdhw==",
        "requires": {
          "@graphile/lru": "4.11.0",
          "chalk": "^2.4.2",
          "debug": "^4.1.1",
          "graphql-parse-resolve-info": "4.12.0",
          "iterall": "^1.2.2",
          "lodash": ">=4 <5",
          "lru-cache": "^5.0.0",
          "pluralize": "^7.0.0",
          "semver": "^6.0.0"
        },
        "resolved": "https://registry.npmjs.org/graphile-build/-/graphile-build-4.12.0.tgz",
        "version": "4.12.0"
      },
      "graphile-build-pg": {
        "dependencies": {
          "debug": {
            "integrity": "sha512-mOp8wKcvj7XxC78zLgw/ZA+6TSgkoE2C/ienthhRD298T7UNwAg9diBpLRxC0mOezLl4B0xV7M0cCO6P/O0Xhw==",
            "requires": {
              "ms": "2.1.2"
            },
            "resolved": "https://registry.npmjs.org/debug/-/debug-4.3.2.tgz",
            "version": "4.3.2"
          },
          "lru-cache": {
            "integrity": "sha512-sWZlbEP2OsHNkXrMl5GYk/jKk70MBng6UU4YI/qGDYbgf6YbP4EvmqISbXCoJiRKs+1bSpFHVgQxvJ17F2li5g==",
            "requires": {
              "pseudomap": "^1.0.2",
              "yallist": "^2.1.2"
            },
            "resolved": "https://registry.npmjs.org/lru-cache/-/lru-cache-4.1.5.tgz",
            "version": "4.1.5"
          },
          "ms": {
            "integrity": "sha512-sGkPx+VjMtmA6MX27oA4FBFELFCZZ4S4XqeGOXCv68tT+jb3vk/RyaKWP0PTKyWtmLSM0b+adUTEvbs1PEaH2w==",
            "resolved": "https://registry.npmjs.org/ms/-/ms-2.1.2.tgz",
            "version": "2.1.2"
          },
          "yallist": {
            "integrity": "sha1-HBH5IY8HYImkfdUS+TxmmaaoHVI=",
            "resolved": "https://registry.npmjs.org/yallist/-/yallist-2.1.2.tgz",
            "version": "2.1.2"
          }
        },
        "integrity": "sha512-Rd9QBtbyLJ425VUeHggFCvh3s3oKR58mUU6JYK0sQTRjYbxrE/eWDNAQZQLuWeemfSHvgS5W0EzppkHjkoiWiQ==",
        "requires": {
          "@graphile/lru": "4.11.0",
          "chalk": "^2.4.2",
          "debug": "^4.1.1",
          "graphile-build": "4.12.0",
          "jsonwebtoken": "^8.5.1",
          "lodash": ">=4 <5",
          "lru-cache": ">=4 <5",
          "pg-sql2": "4.12.1"
        },
        "resolved": "https://registry.npmjs.org/graphile-build-pg/-/graphile-build-pg-4.12.1.tgz",
        "version": "4.12.1"
      },
      "graphile-utils": {
        "dependencies": {
          "debug": {
            "integrity": "sha512-mOp8wKcvj7XxC78zLgw/ZA+6TSgkoE2C/ienthhRD298T7UNwAg9diBpLRxC0mOezLl4B0xV7M0cCO6P/O0Xhw==",
            "requires": {
              "ms": "2.1.2"
            },
            "resolved": "https://registry.npmjs.org/debug/-/debug-4.3.2.tgz",
            "version": "4.3.2"
          },
          "ms": {
            "integrity": "sha512-sGkPx+VjMtmA6MX27oA4FBFELFCZZ4S4XqeGOXCv68tT+jb3vk/RyaKWP0PTKyWtmLSM0b+adUTEvbs1PEaH2w==",
            "resolved": "https://registry.npmjs.org/ms/-/ms-2.1.2.tgz",
            "version": "2.1.2"
          }
        },
        "integrity": "sha512-+yfKs2W59lVgl/KcZrcGIZ3CQ/eyitZ+HHkbgAVRonA4PaWTSvaqLH4xNvvJu4X7sIGFxb4GWzCxTLnyjHRrmg==",
        "requires": {
          "debug": "^4.1.1",
          "graphql": ">=0.9 <0.14 || ^14.0.2 || ^15.4.0",
          "tslib": "^2.0.1"
        },
        "resolved": "https://registry.npmjs.org/graphile-utils/-/graphile-utils-4.12.1.tgz",
        "version": "4.12.1"
      },
      "graphql": {
        "integrity": "sha512-FeTRX67T3LoE3LWAxxOlW2K3Bz+rMYAC18rRguK4wgXaTZMiJwSUwDmPFo3UadAKbzirKIg5Qy+sNJXbpPRnQw==",
        "resolved": "https://registry.npmjs.org/graphql/-/graphql-15.5.1.tgz",
        "version": "15.5.1"
      },
      "graphql-parse-resolve-info": {
        "dependencies": {
          "debug": {
            "integrity": "sha512-mOp8wKcvj7XxC78zLgw/ZA+6TSgkoE2C/ienthhRD298T7UNwAg9diBpLRxC0mOezLl4B0xV7M0cCO6P/O0Xhw==",
            "requires": {
              "ms": "2.1.2"
            },
            "resolved": "https://registry.npmjs.org/debug/-/debug-4.3.2.tgz",
            "version": "4.3.2"
          },
          "ms": {
            "integrity": "sha512-sGkPx+VjMtmA6MX27oA4FBFELFCZZ4S4XqeGOXCv68tT+jb3vk/RyaKWP0PTKyWtmLSM0b+adUTEvbs1PEaH2w==",
            "resolved": "https://registry.npmjs.org/ms/-/ms-2.1.2.tgz",
            "version": "2.1.2"
          }
        },
        "integrity": "sha512-sQyJeWCzFQwLj8SdgrWeAQG46Nc+VLxof91/AtvEVdbvFCvb+S6OoA4OtIp5OpWBrFo+JzW6LIKifNHXtRKPpA==",
        "requires": {
          "debug": "^4.1.1",
          "tslib": "^2.0.1"
        },
        "resolved": "https://registry.npmjs.org/graphql-parse-resolve-info/-/graphql-parse-resolve-info-4.12.0.tgz",
        "version": "4.12.0"
      },
      "graphql-ws": {
        "integrity": "sha512-sHkK9+lUm20/BGawNEWNtVAeJzhZeBg21VmvmLoT5NdGVeZWv5PdIhkcayQIAgjSyyQ17WMKmbDijIPG2On+Ag==",
        "resolved": "https://registry.npmjs.org/graphql-ws/-/graphql-ws-4.9.0.tgz",
        "version": "4.9.0"
      },
      "has-flag": {
        "integrity": "sha1-tdRU3CGZriJWmfNGfloH87lVuv0=",
        "resolved": "https://registry.npmjs.org/has-flag/-/has-flag-3.0.0.tgz",
        "version": "3.0.0"
      },
      "http-errors": {
        "integrity": "sha512-uUQBt3H/cSIVfch6i1EuPNy/YsRSOUBXTVfZ+yR7Zjez3qjBz6i9+i4zjNaoqcoFVI4lQJ5plg63TvGfRSDCRg==",
        "requires": {
          "depd": "~1.1.2",
          "inherits": "2.0.3",
          "setprototypeof": "1.1.1",
          "statuses": ">= 1.5.0 < 2",
          "toidentifier": "1.0.0"
        },
        "resolved": "https://registry.npmjs.org/http-errors/-/http-errors-1.7.2.tgz",
        "version": "1.7.2"
      },
      "iconv-lite": {
        "integrity": "sha512-v3MXnZAcvnywkTUEZomIActle7RXXeedOR31wwl7VlyoXO4Qi9arvSenNQWne1TcRwhCL1HwLI21bEqdpj8/rA==",
        "requires": {
          "safer-buffer": ">= 2.1.2 < 3"
        },
        "resolved": "https://registry.npmjs.org/iconv-lite/-/iconv-lite-0.4.24.tgz",
        "version": "0.4.24"
      },
      "inherits": {
        "integrity": "sha1-Yzwsg+PaQqUC9SRmAiSA9CCCYd4=",
        "resolved": "https://registry.npmjs.org/inherits/-/inherits-2.0.3.tgz",
        "version": "2.0.3"
      },
      "ipaddr.js": {
        "integrity": "sha512-0KI/607xoxSToH7GjN1FfSbLoU0+btTicjsQSWQlh/hZykN8KpmMf7uYwPW3R+akZ6R/w18ZlXSHBYXiYUPO3g==",
        "resolved": "https://registry.npmjs.org/ipaddr.js/-/ipaddr.js-1.9.1.tgz",
        "version": "1.9.1"
      },
      "iterall": {
        "integrity": "sha512-QZ9qOMdF+QLHxy1QIpUHUU1D5pS2CG2P69LF6L6CPjPYA/XMOmKV3PZpawHoAjHNyB0swdVTRxdYT4tbBbxqwg==",
        "resolved": "https://registry.npmjs.org/iterall/-/iterall-1.3.0.tgz",
        "version": "1.3.0"
      },
      "json5": {
        "integrity": "sha512-f+8cldu7X/y7RAJurMEJmdoKXGB/X550w2Nr3tTbezL6RwEE/iMcm+tZnXeoZtKuOq6ft8+CqzEkrIgx1fPoQA==",
        "requires": {
          "minimist": "^1.2.5"
        },
        "resolved": "https://registry.npmjs.org/json5/-/json5-2.2.0.tgz",
        "version": "2.2.0"
      },
      "jsonwebtoken": {
        "dependencies": {
          "ms": {
            "integrity": "sha512-6FlzubTLZG3J2a/NVCAleEhjzq5oxgHyaCU9yYXvcLsvoVaHJq/s5xXI6/XXP6tz7R9xAOtHnSO/tXtF3WRTlA==",
            "resolved": "https://registry.npmjs.org/ms/-/ms-2.1.3.tgz",
            "version": "2.1.3"
          },
          "semver": {
            "integrity": "sha512-sauaDf/PZdVgrLTNYHRtpXa1iRiKcaebiKQ1BJdpQlWH2lCvexQdX55snPFyK7QzpudqbCI0qXFfOasHdyNDGQ==",
            "resolved": "https://registry.npmjs.org/semver/-/semver-5.7.1.tgz",
            "version": "5.7.1"
          }
        },
        "integrity": "sha512-XjwVfRS6jTMsqYs0EsuJ4LGxXV14zQybNd4L2r0UvbVnSF9Af8x7p5MzbJ90Ioz/9TI41/hTCvznF/loiSzn8w==",
        "requires": {
          "jws": "^3.2.2",
          "lodash.includes": "^4.3.0",
          "lodash.isboolean": "^3.0.3",
          "lodash.isinteger": "^4.0.4",
          "lodash.isnumber": "^3.0.3",
          "lodash.isplainobject": "^4.0.6",
          "lodash.isstring": "^4.0.1",
          "lodash.once": "^4.0.0",
          "ms": "^2.1.1",
          "semver": "^5.6.0"
        },
        "resolved": "https://registry.npmjs.org/jsonwebtoken/-/jsonwebtoken-8.5.1.tgz",
        "version": "8.5.1"
      },
      "jwa": {
        "integrity": "sha512-qiLX/xhEEFKUAJ6FiBMbes3w9ATzyk5W7Hvzpa/SLYdxNtng+gcurvrI7TbACjIXlsJyr05/S1oUhZrc63evQA==",
        "requires": {
          "buffer-equal-constant-time": "1.0.1",
          "ecdsa-sig-formatter": "1.0.11",
          "safe-buffer": "^5.0.1"
        },
        "resolved": "https://registry.npmjs.org/jwa/-/jwa-1.4.1.tgz",
        "version": "1.4.1"
      },
      "jws": {
        "integrity": "sha512-YHlZCB6lMTllWDtSPHz/ZXTsi8S00usEV6v1tjq8tOUZzw7DpSDWVXjXDre6ed1w/pd495ODpHZYSdkRTsa0HA==",
        "requires": {
          "jwa": "^1.4.1",
          "safe-buffer": "^5.0.1"
        },
        "resolved": "https://registry.npmjs.org/jws/-/jws-3.2.2.tgz",
        "version": "3.2.2"
      },
      "lodash": {
        "integrity": "sha512-v2kDEe57lecTulaDIuNTPy3Ry4gLGJ6Z1O3vE1krgXZNrsQ+LFTGHVxVjcXPs17LhbZVGedAJv8XZ1tvj5FvSg==",
        "resolved": "https://registry.npmjs.org/lodash/-/lodash-4.17.21.tgz",
        "version": "4.17.21"
      },
      "lodash.includes": {
        "integrity": "sha1-YLuYqHy5I8aMoeUTJUgzFISfVT8=",
        "resolved": "https://registry.npmjs.org/lodash.includes/-/lodash.includes-4.3.0.tgz",
        "version": "4.3.0"
      },
      "lodash.isboolean": {
        "integrity": "sha1-bC4XHbKiV82WgC/UOwGyDV9YcPY=",
        "resolved": "https://registry.npmjs.org/lodash.isboolean/-/lodash.isboolean-3.0.3.tgz",
        "version": "3.0.3"
      },
      "lodash.isinteger": {
        "integrity": "sha1-YZwK89A/iwTDH1iChAt3sRzWg0M=",
        "resolved": "https://registry.npmjs.org/lodash.isinteger/-/lodash.isinteger-4.0.4.tgz",
        "version": "4.0.4"
      },
      "lodash.isnumber": {
        "integrity": "sha1-POdoEMWSjQM1IwGsKHMX8RwLH/w=",
        "resolved": "https://registry.npmjs.org/lodash.isnumber/-/lodash.isnumber-3.0.3.tgz",
        "version": "3.0.3"
      },
      "lodash.isplainobject": {
        "integrity": "sha1-fFJqUtibRcRcxpC4gWO+BJf1UMs=",
        "resolved": "https://registry.npmjs.org/lodash.isplainobject/-/lodash.isplainobject-4.0.6.tgz",
        "version": "4.0.6"
      },
      "lodash.isstring": {
        "integrity": "sha1-1SfftUVuynzJu5XV2ur4i6VKVFE=",
        "resolved": "https://registry.npmjs.org/lodash.isstring/-/lodash.isstring-4.0.1.tgz",
        "version": "4.0.1"
      },
      "lodash.once": {
        "integrity": "sha1-DdOXEhPHxW34gJd9UEyI+0cal6w=",
        "resolved": "https://registry.npmjs.org/lodash.once/-/lodash.once-4.1.1.tgz",
        "version": "4.1.1"
      },
      "lru-cache": {
        "integrity": "sha512-KpNARQA3Iwv+jTA0utUVVbrh+Jlrr1Fv0e56GGzAFOXN7dk/FviaDW8LHmK52DlcH4WP2n6gI8vN1aesBFgo9w==",
        "requires": {
          "yallist": "^3.0.2"
        },
        "resolved": "https://registry.npmjs.org/lru-cache/-/lru-cache-5.1.1.tgz",
        "version": "5.1.1"
      },
      "media-typer": {
        "integrity": "sha1-hxDXrwqmJvj/+hzgAWhUUmMlV0g=",
        "resolved": "https://registry.npmjs.org/media-typer/-/media-typer-0.3.0.tgz",
        "version": "0.3.0"
      },
      "merge-descriptors": {
        "integrity": "sha1-sAqqVW3YtEVoFQ7J0blT8/kMu2E=",
        "resolved": "https://registry.npmjs.org/merge-descriptors/-/merge-descriptors-1.0.1.tgz",
        "version": "1.0.1"
      },
      "methods": {
        "integrity": "sha1-VSmk1nZUE07cxSZmVoNbD4Ua/O4=",
        "resolved": "https://registry.npmjs.org/methods/-/methods-1.1.2.tgz",
        "version": "1.1.2"
      },
      "mime": {
        "integrity": "sha512-x0Vn8spI+wuJ1O6S7gnbaQg8Pxh4NNHb7KSINmEWKiPE4RKOplvijn+NkmYmmRgP68mc70j2EbeTFRsrswaQeg==",
        "resolved": "https://registry.npmjs.org/mime/-/mime-1.6.0.tgz",
        "version": "1.6.0"
      },
      "mime-db": {
        "integrity": "sha512-CIc8j9URtOVApSFCQIF+VBkX1RwXp/oMMOrqdyXSBXq5RWNEsRfyj1kiRnQgmNXmHxPoFIxOroKA3zcU9P+nAA==",
        "resolved": "https://registry.npmjs.org/mime-db/-/mime-db-1.49.0.tgz",
        "version": "1.49.0"
      },
      "mime-types": {
        "integrity": "sha512-hJGaVS4G4c9TSMYh2n6SQAGrC4RnfU+daP8G7cSCmaqNjiOoUY0VHCMS42pxnQmVF1GWwFhbHWn3RIxCqTmZ9A==",
        "requires": {
          "mime-db": "1.49.0"
        },
        "resolved": "https://registry.npmjs.org/mime-types/-/mime-types-2.1.32.tgz",
        "version": "2.1.32"
      },
      "minimist": {
        "integrity": "sha512-FM9nNUYrRBAELZQT3xeZQ7fmMOBg6nWNmJKTcgsJeaLstP/UODVpGsr5OhXhhXg6f+qtJ8uiZ+PUxkDWcgIXLw==",
        "resolved": "https://registry.npmjs.org/minimist/-/minimist-1.2.5.tgz",
        "version": "1.2.5"
      },
      "ms": {
        "integrity": "sha1-VgiurfwAvmwpAd9fmGF4jeDVl8g=",
        "resolved": "https://registry.npmjs.org/ms/-/ms-2.0.0.tgz",
        "version": "2.0.0"
      },
      "negotiator": {
        "integrity": "sha512-hZXc7K2e+PgeI1eDBe/10Ard4ekbfrrqG8Ep+8Jmf4JID2bNg7NvCPOZN+kfF574pFQI7mum2AUqDidoKqcTOw==",
        "resolved": "https://registry.npmjs.org/negotiator/-/negotiator-0.6.2.tgz",
        "version": "0.6.2"
      },
      "on-finished": {
        "integrity": "sha1-IPEzZIGwg811M3mSoWlxqi2QaUc=",
        "requires": {
          "ee-first": "1.1.1"
        },
        "resolved": "https://registry.npmjs.org/on-finished/-/on-finished-2.3.0.tgz",
        "version": "2.3.0"
      },
      "packet-reader": {
        "integrity": "sha512-HAKu/fG3HpHFO0AA8WE8q2g+gBJaZ9MG7fcKk+IJPLTGAD6Psw4443l+9DGRbOIh3/aXr7Phy0TjilYivJo5XQ==",
        "resolved": "https://registry.npmjs.org/packet-reader/-/packet-reader-1.0.0.tgz",
        "version": "1.0.0"
      },
      "parseurl": {
        "integrity": "sha512-CiyeOxFT/JZyN5m0z9PfXw4SCBJ6Sygz1Dpl0wqjlhDEGGBP1GnsUVEL0p63hoG1fcj3fHynXi9NYO4nWOL+qQ==",
        "resolved": "https://registry.npmjs.org/parseurl/-/parseurl-1.3.3.tgz",
        "version": "1.3.3"
      },
      "path-to-regexp": {
        "integrity": "sha1-32BBeABfUi8V60SQ5yR6G/qmf4w=",
        "resolved": "https://registry.npmjs.org/path-to-regexp/-/path-to-regexp-0.1.7.tgz",
        "version": "0.1.7"
      },
      "pg": {
        "integrity": "sha512-7bdYcv7V6U3KAtWjpQJJBww0UEsWuh4yQ/EjNf2HeO/NnvKjpvhEIe/A/TleP6wtmSKnUnghs5A9jUoK6iDdkA==",
        "requires": {
          "buffer-writer": "2.0.0",
          "packet-reader": "1.0.0",
          "pg-connection-string": "^2.5.0",
          "pg-pool": "^3.4.1",
          "pg-protocol": "^1.5.0",
          "pg-types": "^2.1.0",
          "pgpass": "1.x"
        },
        "resolved": "https://registry.npmjs.org/pg/-/pg-8.7.1.tgz",
        "version": "8.7.1"
      },
      "pg-connection-string": {
        "integrity": "sha512-r5o/V/ORTA6TmUnyWZR9nCj1klXCO2CEKNRlVuJptZe85QuhFayC7WeMic7ndayT5IRIR0S0xFxFi2ousartlQ==",
        "resolved": "https://registry.npmjs.org/pg-connection-string/-/pg-connection-string-2.5.0.tgz",
        "version": "2.5.0"
      },
      "pg-int8": {
        "integrity": "sha512-WCtabS6t3c8SkpDBUlb1kjOs7l66xsGdKpIPZsg4wR+B3+u9UAum2odSsF9tnvxg80h4ZxLWMy4pRjOsFIqQpw==",
        "resolved": "https://registry.npmjs.org/pg-int8/-/pg-int8-1.0.1.tgz",
        "version": "1.0.1"
      },
      "pg-pool": {
        "integrity": "sha512-TVHxR/gf3MeJRvchgNHxsYsTCHQ+4wm3VIHSS19z8NC0+gioEhq1okDY1sm/TYbfoP6JLFx01s0ShvZ3puP/iQ==",
        "resolved": "https://registry.npmjs.org/pg-pool/-/pg-pool-3.4.1.tgz",
        "version": "3.4.1"
      },
      "pg-protocol": {
        "integrity": "sha512-muRttij7H8TqRNu/DxrAJQITO4Ac7RmX3Klyr/9mJEOBeIpgnF8f9jAfRz5d3XwQZl5qBjF9gLsUtMPJE0vezQ==",
        "resolved": "https://registry.npmjs.org/pg-protocol/-/pg-protocol-1.5.0.tgz",
        "version": "1.5.0"
      },
      "pg-sql2": {
        "dependencies": {
          "debug": {
            "integrity": "sha512-mOp8wKcvj7XxC78zLgw/ZA+6TSgkoE2C/ienthhRD298T7UNwAg9diBpLRxC0mOezLl4B0xV7M0cCO6P/O0Xhw==",
            "requires": {
              "ms": "2.1.2"
            },
            "resolved": "https://registry.npmjs.org/debug/-/debug-4.3.2.tgz",
            "version": "4.3.2"
          },
          "ms": {
            "integrity": "sha512-sGkPx+VjMtmA6MX27oA4FBFELFCZZ4S4XqeGOXCv68tT+jb3vk/RyaKWP0PTKyWtmLSM0b+adUTEvbs1PEaH2w==",
            "resolved": "https://registry.npmjs.org/ms/-/ms-2.1.2.tgz",
            "version": "2.1.2"
          }
        },
        "integrity": "sha512-3N6i0EIBYc3uKpGGJntZA7HG2cyphC2R3d00kOoc0H7MxeAP+5dN1VfHJjj9vFGlrUy40Ttq8z3UkNtWR6ySAA==",
        "requires": {
          "@graphile/lru": "4.11.0",
          "@types/pg": ">=6 <9",
          "debug": ">=3 <5",
          "tslib": "^2.0.1"
        },
        "resolved": "https://registry.npmjs.org/pg-sql2/-/pg-sql2-4.12.1.tgz",
        "version": "4.12.1"
      },
      "pg-types": {
        "integrity": "sha512-qTAAlrEsl8s4OiEQY69wDvcMIdQN6wdz5ojQiOy6YRMuynxenON0O5oCpJI6lshc6scgAY8qvJ2On/p+CXY0GA==",
        "requires": {
          "pg-int8": "1.0.1",
          "postgres-array": "~2.0.0",
          "postgres-bytea": "~1.0.0",
          "postgres-date": "~1.0.4",
          "postgres-interval": "^1.1.0"
        },
        "resolved": "https://registry.npmjs.org/pg-types/-/pg-types-2.2.0.tgz",
        "version": "2.2.0"
      },
      "pgpass": {
        "integrity": "sha512-YmuA56alyBq7M59vxVBfPJrGSozru8QAdoNlWuW3cz8l+UX3cWge0vTvjKhsSHSJpo3Bom8/Mm6hf0TR5GY0+w==",
        "requires": {
          "split2": "^3.1.1"
        },
        "resolved": "https://registry.npmjs.org/pgpass/-/pgpass-1.0.4.tgz",
        "version": "1.0.4"
      },
      "pluralize": {
        "integrity": "sha512-ARhBOdzS3e41FbkW/XWrTEtukqqLoK5+Z/4UeDaLuSW+39JPeFgs4gCGqsrJHVZX0fUrx//4OF0K1CUGwlIFow==",
        "resolved": "https://registry.npmjs.org/pluralize/-/pluralize-7.0.0.tgz",
        "version": "7.0.0"
      },
      "postgraphile": "^4.12.3",
      "postgraphile-core": {
        "integrity": "sha512-BukrJ3j+H4dtEaCCZOPjLZ6+DJnAYHPOvFpDC85w9T4xlpLFCx7/E8ZlZFm7z/P6f/s8SS8EpL7lazms6uB8FQ==",
        "requires": {
          "graphile-build": "4.12.0",
          "graphile-build-pg": "4.12.1",
          "tslib": "^2.0.1"
        },
        "resolved": "https://registry.npmjs.org/postgraphile-core/-/postgraphile-core-4.12.1.tgz",
        "version": "4.12.1"
      },
      "postgres-array": {
        "integrity": "sha512-VpZrUqU5A69eQyW2c5CA1jtLecCsN2U/bD6VilrFDWq5+5UIEVO7nazS3TEcHf1zuPYO/sqGvUvW62g86RXZuA==",
        "resolved": "https://registry.npmjs.org/postgres-array/-/postgres-array-2.0.0.tgz",
        "version": "2.0.0"
      },
      "postgres-bytea": {
        "integrity": "sha1-AntTPAqokOJtFy1Hz5zOzFIazTU=",
        "resolved": "https://registry.npmjs.org/postgres-bytea/-/postgres-bytea-1.0.0.tgz",
        "version": "1.0.0"
      },
      "postgres-date": {
        "integrity": "sha512-suDmjLVQg78nMK2UZ454hAG+OAW+HQPZ6n++TNDUX+L0+uUlLywnoxJKDou51Zm+zTCjrCl0Nq6J9C5hP9vK/Q==",
        "resolved": "https://registry.npmjs.org/postgres-date/-/postgres-date-1.0.7.tgz",
        "version": "1.0.7"
      },
      "postgres-interval": {
        "integrity": "sha512-9ZhXKM/rw350N1ovuWHbGxnGh/SNJ4cnxHiM0rxE4VN41wsg8P8zWn9hv/buK00RP4WvlOyr/RBDiptyxVbkZQ==",
        "requires": {
          "xtend": "^4.0.0"
        },
        "resolved": "https://registry.npmjs.org/postgres-interval/-/postgres-interval-1.2.0.tgz",
        "version": "1.2.0"
      },
      "proxy-addr": {
        "integrity": "sha512-llQsMLSUDUPT44jdrU/O37qlnifitDP+ZwrmmZcoSKyLKvtZxpyV0n2/bD/N4tBAAZ/gJEdZU7KMraoK1+XYAg==",
        "requires": {
          "forwarded": "0.2.0",
          "ipaddr.js": "1.9.1"
        },
        "resolved": "https://registry.npmjs.org/proxy-addr/-/proxy-addr-2.0.7.tgz",
        "version": "2.0.7"
      },
      "pseudomap": {
        "integrity": "sha1-8FKijacOYYkX7wqKw0wa5aaChrM=",
        "resolved": "https://registry.npmjs.org/pseudomap/-/pseudomap-1.0.2.tgz",
        "version": "1.0.2"
      },
      "qs": {
        "integrity": "sha512-VCdBRNFTX1fyE7Nb6FYoURo/SPe62QCaAyzJvUjwRaIsc+NePBEniHlvxFmmX56+HZphIGtV0XeCirBtpDrTyQ==",
        "resolved": "https://registry.npmjs.org/qs/-/qs-6.7.0.tgz",
        "version": "6.7.0"
      },
      "range-parser": {
        "integrity": "sha512-Hrgsx+orqoygnmhFbKaHE6c296J+HTAQXoxEF6gNupROmmGJRoyzfG3ccAveqCBrwr/2yxQ5BVd/GTl5agOwSg==",
        "resolved": "https://registry.npmjs.org/range-parser/-/range-parser-1.2.1.tgz",
        "version": "1.2.1"
      },
      "raw-body": {
        "integrity": "sha512-4Oz8DUIwdvoa5qMJelxipzi/iJIi40O5cGV1wNYp5hvZP8ZN0T+jiNkL0QepXs+EsQ9XJ8ipEDoiH70ySUJP3Q==",
        "requires": {
          "bytes": "3.1.0",
          "http-errors": "1.7.2",
          "iconv-lite": "0.4.24",
          "unpipe": "1.0.0"
        },
        "resolved": "https://registry.npmjs.org/raw-body/-/raw-body-2.4.0.tgz",
        "version": "2.4.0"
      },
      "readable-stream": {
        "integrity": "sha512-BViHy7LKeTz4oNnkcLJ+lVSL6vpiFeX6/d3oSH8zCW7UxP2onchk+vTGB143xuFjHS3deTgkKoXXymXqymiIdA==",
        "requires": {
          "inherits": "^2.0.3",
          "string_decoder": "^1.1.1",
          "util-deprecate": "^1.0.1"
        },
        "resolved": "https://registry.npmjs.org/readable-stream/-/readable-stream-3.6.0.tgz",
        "version": "3.6.0"
      },
      "safe-buffer": {
        "integrity": "sha512-Gd2UZBJDkXlY7GbJxfsE8/nvKkUEU1G38c1siN6QP6a9PT9MmHB8GnpscSmMJSoF8LOIrt8ud/wPtojys4G6+g==",
        "resolved": "https://registry.npmjs.org/safe-buffer/-/safe-buffer-5.1.2.tgz",
        "version": "5.1.2"
      },
      "safer-buffer": {
        "integrity": "sha512-YZo3K82SD7Riyi0E1EQPojLz7kpepnSQI9IyPbHHg1XXXevb5dJI7tpyN2ADxGcQbHG7vcyRHk0cbwqcQriUtg==",
        "resolved": "https://registry.npmjs.org/safer-buffer/-/safer-buffer-2.1.2.tgz",
        "version": "2.1.2"
      },
      "semver": {
        "integrity": "sha512-b39TBaTSfV6yBrapU89p5fKekE2m/NwnDocOVruQFS1/veMgdzuPcnOM34M6CwxW8jH/lxEa5rBoDeUwu5HHTw==",
        "resolved": "https://registry.npmjs.org/semver/-/semver-6.3.0.tgz",
        "version": "6.3.0"
      },
      "send": {
        "dependencies": {
          "ms": {
            "integrity": "sha512-tgp+dl5cGk28utYktBsrFqA7HKgrhgPsg6Z/EfhWI4gl1Hwq8B/GmY/0oXZ6nF8hDVesS/FpnYaD/kOWhYQvyg==",
            "resolved": "https://registry.npmjs.org/ms/-/ms-2.1.1.tgz",
            "version": "2.1.1"
          }
        },
        "integrity": "sha512-BsVKsiGcQMFwT8UxypobUKyv7irCNRHk1T0G680vk88yf6LBByGcZJOTJCrTP2xVN6yI+XjPJcNuE3V4fT9sAg==",
        "requires": {
          "debug": "2.6.9",
          "depd": "~1.1.2",
          "destroy": "~1.0.4",
          "encodeurl": "~1.0.2",
          "escape-html": "~1.0.3",
          "etag": "~1.8.1",
          "fresh": "0.5.2",
          "http-errors": "~1.7.2",
          "mime": "1.6.0",
          "ms": "2.1.1",
          "on-finished": "~2.3.0",
          "range-parser": "~1.2.1",
          "statuses": "~1.5.0"
        },
        "resolved": "https://registry.npmjs.org/send/-/send-0.17.1.tgz",
        "version": "0.17.1"
      },
      "serve-static": {
        "integrity": "sha512-JMrvUwE54emCYWlTI+hGrGv5I8dEwmco/00EvkzIIsR7MqrHonbD9pO2MOfFnpFntl7ecpZs+3mW+XbQZu9QCg==",
        "requires": {
          "encodeurl": "~1.0.2",
          "escape-html": "~1.0.3",
          "parseurl": "~1.3.3",
          "send": "0.17.1"
        },
        "resolved": "https://registry.npmjs.org/serve-static/-/serve-static-1.14.1.tgz",
        "version": "1.14.1"
      },
      "serverless-http": "^2.7.0",
      "setprototypeof": {
        "integrity": "sha512-JvdAWfbXeIGaZ9cILp38HntZSFSo3mWg6xGcJJsd+d4aRMOqauag1C63dJfDw7OaMYwEbHMOxEZ1lqVRYP2OAw==",
        "resolved": "https://registry.npmjs.org/setprototypeof/-/setprototypeof-1.1.1.tgz",
        "version": "1.1.1"
      },
      "split2": {
        "integrity": "sha512-9NThjpgZnifTkJpzTZ7Eue85S49QwpNhZTq6GRJwObb6jnLFNGB7Qm73V5HewTROPyxD0C29xqmaI68bQtV+hg==",
        "requires": {
          "readable-stream": "^3.0.0"
        },
        "resolved": "https://registry.npmjs.org/split2/-/split2-3.2.2.tgz",
        "version": "3.2.2"
      },
      "statuses": {
        "integrity": "sha1-Fhx9rBd2Wf2YEfQ3cfqZOBR4Yow=",
        "resolved": "https://registry.npmjs.org/statuses/-/statuses-1.5.0.tgz",
        "version": "1.5.0"
      },
      "string_decoder": {
        "dependencies": {
          "safe-buffer": {
            "integrity": "sha512-rp3So07KcdmmKbGvgaNxQSJr7bGVSVk5S9Eq1F+ppbRo70+YeaDxkw5Dd8NPN+GD6bjnYm2VuPuCXmpuYvmCXQ==",
            "resolved": "https://registry.npmjs.org/safe-buffer/-/safe-buffer-5.2.1.tgz",
            "version": "5.2.1"
          }
        },
        "integrity": "sha512-hkRX8U1WjJFd8LsDJ2yQ/wWWxaopEsABU1XfkM8A+j0+85JAGppt16cr1Whg6KIbb4okU6Mql6BOj+uup/wKeA==",
        "requires": {
          "safe-buffer": "~5.2.0"
        },
        "resolved": "https://registry.npmjs.org/string_decoder/-/string_decoder-1.3.0.tgz",
        "version": "1.3.0"
      },
      "subscriptions-transport-ws": {
        "integrity": "sha512-dxdemxFFB0ppCLg10FTtRqH/31FNRL1y1BQv8209MK5I4CwALb7iihQg+7p65lFcIl8MHatINWBLOqpgU4Kyyw==",
        "requires": {
          "backo2": "^1.0.2",
          "eventemitter3": "^3.1.0",
          "iterall": "^1.2.1",
          "symbol-observable": "^1.0.4",
          "ws": "^5.2.0 || ^6.0.0 || ^7.0.0"
        },
        "resolved": "https://registry.npmjs.org/subscriptions-transport-ws/-/subscriptions-transport-ws-0.9.19.tgz",
        "version": "0.9.19"
      },
      "supports-color": {
        "integrity": "sha512-QjVjwdXIt408MIiAqCX4oUKsgU2EqAGzs2Ppkm4aQYbjm+ZEWEcW4SfFNTr4uMNZma0ey4f5lgLrkB0aX0QMow==",
        "requires": {
          "has-flag": "^3.0.0"
        },
        "resolved": "https://registry.npmjs.org/supports-color/-/supports-color-5.5.0.tgz",
        "version": "5.5.0"
      },
      "symbol-observable": {
        "integrity": "sha512-e900nM8RRtGhlV36KGEU9k65K3mPb1WV70OdjfxlG2EAuM1noi/E/BaW/uMhL7bPEssK8QV57vN3esixjUvcXQ==",
        "resolved": "https://registry.npmjs.org/symbol-observable/-/symbol-observable-1.2.0.tgz",
        "version": "1.2.0"
      },
      "toidentifier": {
        "integrity": "sha512-yaOH/Pk/VEhBWWTlhI+qXxDFXlejDGcQipMlyxda9nthulaxLZUNcUqFxokp0vcYnvteJln5FNQDRrxj3YcbVw==",
        "resolved": "https://registry.npmjs.org/toidentifier/-/toidentifier-1.0.0.tgz",
        "version": "1.0.0"
      },
      "tslib": {
        "integrity": "sha512-N82ooyxVNm6h1riLCoyS9e3fuJ3AMG2zIZs2Gd1ATcSFjSA23Q0fzjjZeh0jbJvWVDZ0cJT8yaNNaaXHzueNjg==",
        "resolved": "https://registry.npmjs.org/tslib/-/tslib-2.3.0.tgz",
        "version": "2.3.0"
      },
      "type-is": {
        "integrity": "sha512-TkRKr9sUTxEH8MdfuCSP7VizJyzRNMjj2J2do2Jr3Kym598JVdEksuzPQCnlFPW4ky9Q+iA+ma9BGm06XQBy8g==",
        "requires": {
          "media-typer": "0.3.0",
          "mime-types": "~2.1.24"
        },
        "resolved": "https://registry.npmjs.org/type-is/-/type-is-1.6.18.tgz",
        "version": "1.6.18"
      },
      "unpipe": {
        "integrity": "sha1-sr9O6FFKrmFltIF4KdIbLvSZBOw=",
        "resolved": "https://registry.npmjs.org/unpipe/-/unpipe-1.0.0.tgz",
        "version": "1.0.0"
      },
      "util-deprecate": {
        "integrity": "sha1-RQ1Nyfpw3nMnYvvS1KKJgUGaDM8=",
        "resolved": "https://registry.npmjs.org/util-deprecate/-/util-deprecate-1.0.2.tgz",
        "version": "1.0.2"
      },
      "utils-merge": {
        "integrity": "sha1-n5VxD1CiZ5R7LMwSR0HBAoQn5xM=",
        "resolved": "https://registry.npmjs.org/utils-merge/-/utils-merge-1.0.1.tgz",
        "version": "1.0.1"
      },
      "vary": {
        "integrity": "sha1-IpnwLG3tMNSllhsLn3RSShj2NPw=",
        "resolved": "https://registry.npmjs.org/vary/-/vary-1.1.2.tgz",
        "version": "1.1.2"
      },
      "ws": {
        "integrity": "sha512-kQ/dHIzuLrS6Je9+uv81ueZomEwH0qVYstcAQ4/Z93K8zeko9gtAbttJWzoC5ukqXY1PpoouV3+VSOqEAFt5wg==",
        "resolved": "https://registry.npmjs.org/ws/-/ws-7.5.3.tgz",
        "version": "7.5.3"
      },
      "xtend": {
        "integrity": "sha512-LKYU1iAXJXUgAXn9URjiu+MWhyUXHsvfp7mcuYm9dSUKK0/CjtrUwFAxD82/mCWbtLsGjFIad0wIsod4zrTAEQ==",
        "resolved": "https://registry.npmjs.org/xtend/-/xtend-4.0.2.tgz",
        "version": "4.0.2"
      },
      "yallist": {
        "integrity": "sha512-a4UGQaWPH59mOXUYnAG2ewncQS4i4F43Tv3JoAM+s2VDAmS9NsK8GpDMLrCHPksFT7h3K6TOoUNn2pb7RoXx4g==",
        "resolved": "https://registry.npmjs.org/yallist/-/yallist-3.1.1.tgz",
        "version": "3.1.1"
      }
    }
  }

yarn manifest: 
  No manifest

Lockfile: 
  No lockfile
